12 [4131313408] INFO perfrun.launcher <> - Launcher main begin
15 [4131313408] INFO perfrun.launcher <> - MessageCatalogInit finished
15 [4131313408] INFO perfrun.launcher <> - Launcher instance created
15 [4131313408] INFO perfrun.launcher <> - argc = 6; cmdline = /opt/intel/oneapi/vtune/2024.0/bin32/amplxe-runss -dump-vdso -r /tmp/amplxe-tmp-ysadouk/amplxe-res-52819-18339778489870 --tmp-dir /tmp/amplxe-tmp-ysadouk 
34 [4131313408] INFO perfrun.launcher <> - create msngr2::ICliToolContext
34 [4131313408] INFO perfrun.launcher <> - create file finder object
46 [4130564928] INFO perfrun.launcher <> - plugin [remoteplug] was disabled because it doesn't support the given collection type.
46 [4130564928] INFO perfrun.launcher <> - plugin [] was disabled because it doesn't support the given collection type.
46 [4130564928] INFO perfrun.vdso <> - dumping [vdso] pseudomodule
47 [4130564928] INFO perfrun.launcher <> - plugin [] was disabled because it doesn't support the given collection type.
47 [4130564928] INFO perfrun.launcher <> - plugin [] was disabled because it doesn't support the given collection type.
47 [4130564928] INFO perfrun.launcher <> - plugin [] was disabled because it doesn't support the given collection type.
47 [4130564928] INFO perfrun.launcher <> - plugin [] was disabled because it doesn't support the given collection type.
47 [4130564928] INFO perfrun.launcher <> - plugin [] was disabled because it doesn't support the given collection type.
47 [4130564928] INFO perfrun.launcher <> - plugin [] was disabled because it doesn't support the given collection type.
47 [4130564928] INFO perfrun.launcher <> - plugin [] was disabled because it doesn't support the given collection type.
47 [4130564928] INFO perfrun.launcher <> - plugin [] was disabled because it doesn't support the given collection type.
47 [4130564928] INFO perfrun.launcher <> - plugin [] was disabled because it doesn't support the given collection type.
47 [4130564928] INFO perfrun.launcher <> - plugin [] was disabled because it doesn't support the given collection type.
47 [4130564928] INFO perfrun.launcher <> - plugin [] was disabled because it doesn't support the given collection type.
47 [4130564928] INFO perfrun.launcher <> - plugin [] was disabled because it doesn't support the given collection type.
47 [4130564928] INFO perfrun.launcher <> - plugin [] was disabled because it doesn't support the given collection type.
47 [4130564928] INFO perfrun.launcher <> - plugin [] was disabled because it doesn't support the given collection type.
47 [4130564928] INFO perfrun.launcher <> - plugin [] was disabled because it doesn't support the given collection type.
47 [4130564928] INFO perfrun.launcher <> - plugin [] was disabled because it doesn't support the given collection type.
47 [4130564928] INFO perfrun.launcher <> - plugin [] was disabled because it doesn't support the given collection type.
47 [4130564928] INFO perfrun.launcher <> - plugin [] was disabled because it doesn't support the given collection type.
47 [4130564928] INFO perfrun.launcher <> - plugin [] was disabled because it doesn't support the given collection type.
47 [4130564928] INFO perfrun.launcher <> - plugin [] was disabled because it doesn't support the given collection type.
47 [4130564928] INFO perfrun.launcher <> - plugin [] was disabled because it doesn't support the given collection type.
47 [4130564928] INFO perfrun.launcher <> - plugin [] was disabled because it doesn't support the given collection type.
47 [4130564928] INFO perfrun.launcher <> - plugin [] was disabled because it doesn't support the given collection type.
47 [4130564928] INFO perfrun.launcher <> - plugin [] was disabled because it doesn't support the given collection type.
47 [4131313408] INFO perfrun.launcher <> - Application exit code: 0
47 [4131313408] INFO perfrun.launcher <> - Exit code: 0
