10 [140348603922304] INFO perfrun.launcher <> - Launcher main begin
11 [140348603922304] INFO perfrun.launcher <> - MessageCatalogInit finished
11 [140348603922304] INFO perfrun.launcher <> - Launcher instance created
11 [140348603922304] INFO perfrun.launcher <> - argc = 7; cmdline = /opt/intel/oneapi/vtune/2024.0/bin64/amplxe-runss --ui-output-format xml --ui-output-fd 5 --option-file /home/ysadouk/Mini-Aevol-optimisation/simulation_example_1/vtune_results/config/runss.options 
63 [140348603922304] INFO perfrun.launcher <> - create msngr2::ICliToolContext
63 [140348603922304] INFO perfrun.launcher <> - create file finder object
63 [140348603922304] INFO perfrun.launcher <> - create a result directory: pattern = /home/ysadouk/Mini-Aevol-optimisation/simulation_example_1/vtune_results pid = 4294967295
66 [140348603922304] INFO perfrun.sdk <> - checked that the directory /home/ysadouk/Mini-Aevol-optimisation/simulation_example_1/vtune_results is a local directory
66 [140348603922304] INFO perfrun.sdk <> - the directory /home/ysadouk/Mini-Aevol-optimisation/simulation_example_1/vtune_results is located on a share or its FS ID is unknown 26985
66 [140348603922304] INFO perfrun.sdk <> - checked that the directory /tmp/amplxe-tmp-ysadouk is a local directory
66 [140348603922304] INFO perfrun.sdk <> - the directory /tmp/amplxe-tmp-ysadouk is a local directory with FS type ID 61267
67 [140348603922304] INFO perfrun.launcher <> - Create a local result directory /tmp/amplxe-tmp-ysadouk/amplxe-res-52819-18339778489870 due to the user result path /home/ysadouk/Mini-Aevol-optimisation/simulation_example_1/vtune_results is located on a share
67 [140348603922304] INFO perfrun.launcher <> - create data directory = /tmp/amplxe-tmp-ysadouk/amplxe-res-52819-18339778489870/data.0
67 [140348603922304] INFO perfrun.launcher <> - create data directory = /home/ysadouk/Mini-Aevol-optimisation/simulation_example_1/vtune_results/data.0
67 [140348603922304] INFO perfrun.launcher <> - Creating the master collection flag
70 [140348603922304] INFO perfrun.launcher <> - Done creating the master collection flag
74 [140348594272000] INFO perfrun.launcher <> - plugin [remoteplug] was disabled because it doesn't support the given collection type.
74 [140348594272000] INFO perfrun.sdk <> - Allocating TMU :/tmp/amplxe-tmp-ysadouk/amplxe-res-52819-18339778489870/data.0/systemcollector-52819-chifflot-4.lille.grid5000.fr.sc
75 [140348594272000] INFO perfrun.system <> - Tpss based collection
75 [140348594272000] INFO perfrun.launcher <> - plugin [ptracecollector] was disabled because it doesn't support the given collection type.
75 [140348594272000] INFO perfrun.launcher <> - plugin [gpu] was disabled because it doesn't support the given collection type.
75 [140348594272000] INFO perfrun.launcher <> - plugin [] was disabled because it doesn't support the given collection type.
75 [140348594272000] INFO perfrun.launcher <> - plugin [] was disabled because it doesn't support the given collection type.
75 [140348594272000] INFO perfrun.launcher <> - plugin [] was disabled because it doesn't support the given collection type.
75 [140348594272000] INFO perfrun.mrte <> - system-wide mode is 0
75 [140348594272000] INFO perfrun.mrte <> - Getting  mrte profiling environment ...
81 [140348594272000] INFO perfrun.mrte <> - INTEL_MRTE_DATA_DIR=/tmp/amplxe-tmp-ysadouk/amplxe-res-52819-18339778489870/data.0
81 [140348594272000] INFO perfrun.mrte <> - INTEL_MRTE_HOST_NAME=chifflot-4.lille.grid5000.fr
81 [140348594272000] INFO perfrun.mrte <> - JAVA_TOOL_OPTIONS=-agentlib:amplxe_tpssmrte_javaprof_1.0 -Dsun.boot.library.path=/opt/intel/oneapi/vtune/2024.0/lib32/runtime:/opt/intel/oneapi/vtune/2024.0/lib64/runtime
81 [140348594272000] INFO perfrun.mrte <> - LD_LIBRARY_PATH=/opt/intel/oneapi/vtune/2024.0/lib32/runtime:/opt/intel/oneapi/vtune/2024.0/lib64/runtime
81 [140348594272000] INFO perfrun.mrte <> - CORECLR_ENABLE_PROFILING=1
81 [140348594272000] INFO perfrun.mrte <> - CORECLR_PROFILER={AA5E4821-E3B1-479c-B7FF-5AD047D22CED}
81 [140348594272000] INFO perfrun.mrte <> - CORECLR_PROFILER_PATH=/opt/intel/oneapi/vtune/2024.0/lib64/libamplxe_samplingmrte_clrprof_1.0.so
81 [140348594272000] INFO perfrun.mrte <> - INTEL_MRTE_PROFILER_MODE=mixed
81 [140348594272000] INFO perfrun.mrte <> - Data directory: /tmp/amplxe-tmp-ysadouk/amplxe-res-52819-18339778489870/data.0
81 [140348594272000] INFO perfrun.mrte <> - Mrte plugin is initialized
81 [140348594272000] INFO perfrun.launcher <> - plugin [emon] was disabled because it doesn't support the given collection type.
81 [140348594272000] INFO perfrun.launcher <> - plugin [cuscol] was disabled because it doesn't support the given collection type.
81 [140348594272000] INFO perfrun.launcher <> - plugin [stdsrc] was disabled because it doesn't support the given collection type.
81 [140348594272000] INFO perfrun.launcher <> - plugin [sep] was disabled because it doesn't support the given collection type.
81 [140348594272000] INFO perfrun.launcher <> - plugin [vtsspp] was disabled because it doesn't support the given collection type.
81 [140348594272000] INFO perfrun.launcher <> - plugin [perf] was disabled because it doesn't support the given collection type.
81 [140348594272000] INFO perfrun.launcher <> - plugin [aoclprofile] was disabled because it doesn't support the given collection type.
81 [140348594272000] INFO perfrun.tpss <> - initialize tpss controller
81 [140348594272000] INFO perfrun.tpss <> - configure collection mode: value = cpu:counters:nostack
81 [140348594272000] INFO perfrun.tpss <> - configure collection mode: value = cpu:stack
81 [140348594272000] INFO perfrun.tpss <> - default obj-size-min=1024
81 [140348594272000] INFO perfrun.tpss <> - default hash-table-size=0
81 [140348594272000] INFO perfrun.launcher <> - plugin [media] was disabled because it doesn't support the given collection type.
81 [140348594272000] INFO perfrun.launcher <> - plugin [] was disabled because it doesn't support the given collection type.
81 [140348594272000] INFO perfrun.launcher <> - plugin [] was disabled because it doesn't support the given collection type.
81 [140348594272000] INFO perfrun.launcher <> - plugin [parallelfs] was disabled because it doesn't support the given collection type.
81 [140348594272000] INFO perfrun.launcher <> - plugin [power] was disabled because it doesn't support the given collection type.
81 [140348594272000] INFO perfrun.launcher <> - plugin [] was disabled because it doesn't support the given collection type.
81 [140348594272000] INFO perfrun.launcher <> - plugin [ipmwatch] was disabled because it doesn't support the given collection type.
81 [140348594272000] INFO perfrun.launcher <> - plugin [os_counters] was disabled because it doesn't support the given collection type.
81 [140348594272000] INFO perfrun.launcher <> - plugin [l0_metrics] was disabled because it doesn't support the given collection type.
81 [140348603922304] INFO perfrun.launcher <> - set environment variable: LD_LIBRARY_PATH = /opt/intel/oneapi/vtune/2024.0/lib32/runtime:/opt/intel/oneapi/vtune/2024.0/lib64/runtime
81 [140348603922304] INFO perfrun.launcher <> - set environment variable: INTEL_LIBITTNOTIFY32 = /opt/intel/oneapi/vtune/2024.0/lib32/runtime/libittnotify_collector.so
81 [140348603922304] INFO perfrun.launcher <> - set environment variable: INTEL_LIBITTNOTIFY64 = /opt/intel/oneapi/vtune/2024.0/lib64/runtime/libittnotify_collector.so
81 [140348603922304] INFO perfrun.launcher <> - set environment variable: INTEL_ITTNOTIFY_GROUPS = 
81 [140348603922304] INFO perfrun.launcher <> - set environment variable: INTEL_JIT_PROFILER32 = /opt/intel/oneapi/vtune/2024.0/lib32/runtime/libittnotify_collector.so
81 [140348603922304] INFO perfrun.launcher <> - set environment variable: INTEL_JIT_PROFILER64 = /opt/intel/oneapi/vtune/2024.0/lib64/runtime/libittnotify_collector.so
82 [140348603922304] INFO perfrun.launcher <> - set environment variable: ENABLE_JITPROFILING = 1
82 [140348603922304] INFO perfrun.launcher <> - set environment variable: CL_CONFIG_USE_VTUNE = True
82 [140348603922304] INFO perfrun.launcher <> - set environment variable: KMP_FORKJOIN_FRAMES = 0
82 [140348603922304] INFO perfrun.launcher <> - set environment variable: KMP_FORKJOIN_FRAMES_MODE = 0
82 [140348603922304] INFO perfrun.launcher <> - set environment variable: INTEL_MRTE_DATA_DIR = /tmp/amplxe-tmp-ysadouk/amplxe-res-52819-18339778489870/data.0
82 [140348603922304] INFO perfrun.launcher <> - set environment variable: INTEL_MRTE_HOST_NAME = chifflot-4.lille.grid5000.fr
82 [140348603922304] INFO perfrun.launcher <> - set environment variable: JAVA_TOOL_OPTIONS = -agentlib:amplxe_tpssmrte_javaprof_1.0 -Dsun.boot.library.path=/opt/intel/oneapi/vtune/2024.0/lib32/runtime:/opt/intel/oneapi/vtune/2024.0/lib64/runtime
82 [140348603922304] INFO perfrun.launcher <> - set environment variable: LD_LIBRARY_PATH = /opt/intel/oneapi/vtune/2024.0/lib32/runtime:/opt/intel/oneapi/vtune/2024.0/lib64/runtime
82 [140348603922304] INFO perfrun.launcher <> - set environment variable: CORECLR_ENABLE_PROFILING = 1
82 [140348603922304] INFO perfrun.launcher <> - set environment variable: CORECLR_PROFILER = {AA5E4821-E3B1-479c-B7FF-5AD047D22CED}
82 [140348603922304] INFO perfrun.launcher <> - set environment variable: CORECLR_PROFILER_PATH = /opt/intel/oneapi/vtune/2024.0/lib64/libamplxe_samplingmrte_clrprof_1.0.so
82 [140348603922304] INFO perfrun.launcher <> - set environment variable: INTEL_MRTE_PROFILER_MODE = mixed
82 [140348603922304] INFO perfrun.launcher <> - RpcServer: run RPC server to handle requests
82 [140348603922304] INFO perfrun.launcher <> - Launcher: command line to start before modification = ../build/micro_aevol_cpu
82 [140348603922304] INFO perfrun.launcher <> - Launcher: command line to start after modification = /opt/intel/oneapi/vtune/2024.0/bin64/pin -error_file /tmp/amplxe-tmp-ysadouk/amplxe-res-52819-18339778489870/data.0/pinerr.tpsslog -detach_reattach -follow_execv -tool_load_option deepbind -t64 /opt/intel/oneapi/vtune/2024.0/lib64/libtpsstool.so -t /opt/intel/oneapi/vtune/2024.0/lib32/libtpsstool.so -server_name tpss_ipc.52819 -prd_dir /opt/intel/oneapi/vtune/2024.0 -- ../build/micro_aevol_cpu
83 [140348603922304] INFO perfrun.launcher <> - ProcessCreator object was created
83 [140348603922304] INFO perfrun.launcher <> - Launcher: the process was started in suspend mode
89 [140348594272000] WARN perfrun.system <> - Could not do anything with /sys/kernel/debug/kvm: boost::filesystem::status: Permission denied: "/sys/kernel/debug/kvm", at file: vcs/perfrun1/plugins/system/src/trace_writer.cpp:787
89 [140348594272000] WARN perfrun.system <> - File "/var/run/libvirt/qemu/driver.xml" doesn't exist, at file: vcs/perfrun1/plugins/system/src/trace_writer.cpp:892
93 [140348594272000] INFO perfrun.sdk <> - runCmd: /opt/intel/oneapi/vtune/2024.0/bin64/sep -platform-info
93 [140348594272000] INFO perfrun.sdk <> - runCmd started PID 52825
100 [140348594272000] WARN perfrun.sdk <> - SEP driver is not available, at file: vcs/perfrun1/plugins/pluginsdk/src/device_mapper.cpp:920
100 [140348594272000] INFO perfrun.sdk <> - runCmd: /opt/intel/oneapi/vtune/2024.0/bin64/amplxe-perf stat --iostat=list
100 [140348594272000] INFO perfrun.sdk <> - runCmd started PID 52826
333 [140348594272000] INFO perfrun.sdk <> - UPI platform topology is not supported on this platform via perf
333 [140348594272000] INFO perfrun.sdk <> - Mapped device: PCI Express Bridge 0000:02:00.0
333 [140348594272000] INFO perfrun.sdk <> - Mapped device: Integrated Matrox G200eW3 Graphics Controller 0000:03:00.0
333 [140348594272000] INFO perfrun.sdk <> - Mapped device: MegaRAID SAS-3 3108 [Invader] PERC H730P Adapter 0000:18:00.0
333 [140348594272000] INFO perfrun.sdk <> - Mapped device: I350 Gigabit Network Connection Gigabit 4P I350-t rNDC 0000:19:00.0
333 [140348594272000] INFO perfrun.sdk <> - Mapped device: I350 Gigabit Network Connection Gigabit 4P I350-t rNDC 0000:19:00.1
333 [140348594272000] INFO perfrun.sdk <> - Mapped device: I350 Gigabit Network Connection Gigabit 4P I350-t rNDC 0000:19:00.2
333 [140348594272000] INFO perfrun.sdk <> - Mapped device: I350 Gigabit Network Connection Gigabit 4P I350-t rNDC 0000:19:00.3
333 [140348594272000] INFO perfrun.sdk <> - Mapped device: GP100GL [Tesla P100 PCIe 16GB] 0000:3b:00.0
333 [140348594272000] INFO perfrun.sdk <> - Mapped device: Ethernet Controller XXV710 for 25GbE SFP28 Ethernet 25G 2P XXV710 Adapter 0000:86:00.0
333 [140348594272000] INFO perfrun.sdk <> - Mapped device: Ethernet Controller XXV710 for 25GbE SFP28 Ethernet Network Adapter XXV710 0000:86:00.1
333 [140348594272000] INFO perfrun.sdk <> - Mapped device: GP100GL [Tesla P100 PCIe 16GB] 0000:d8:00.0
336 [140348594272000] INFO perfrun.sdk <> - runCmd: /opt/intel/oneapi/vtune/2024.0/bin64/sep -platform-info
336 [140348594272000] INFO perfrun.sdk <> - runCmd started PID 52827
342 [140348594272000] WARN perfrun.sdk <> - SEP driver is not available, at file: vcs/perfrun1/plugins/pluginsdk/src/device_mapper.cpp:920
343 [140348594272000] INFO perfrun.sdk <> - runCmd: /opt/intel/oneapi/vtune/2024.0/bin64/amplxe-perf stat --iostat=list
343 [140348594272000] INFO perfrun.sdk <> - runCmd started PID 52828
575 [140348594272000] INFO perfrun.sdk <> - UPI platform topology is not supported on this platform via perf
575 [140348594272000] WARN perfrun.sdk <> - Failed to find xl binary on any of the system paths: /bin, /sbin, /usr/bin, /usr/sbin., at file: vcs/perfrun1/sdk/src/utils.cpp:204
575 [140348594272000] WARN perfrun.system <> - Could not start ContainerMapping collector, at file: vcs/perfrun1/plugins/system/src/controller.cpp:448
659 [140348594272000] INFO perfrun.vdso <> - Helper runtool '/opt/intel/oneapi/vtune/2024.0/bin32/amplxe-runss -dump-vdso -r /tmp/amplxe-tmp-ysadouk/amplxe-res-52819-18339778489870 --tmp-dir /tmp/amplxe-tmp-ysadouk' returned 0
747 [140348594272000] INFO perfrun.vdso <> - Helper runtool '/opt/intel/oneapi/vtune/2024.0/bin64/amplxe-runss -dump-vdso -r /tmp/amplxe-tmp-ysadouk/amplxe-res-52819-18339778489870 --tmp-dir /tmp/amplxe-tmp-ysadouk' returned 0
747 [140348594272000] INFO perfrun.itt <> - start itt controller for pid #52824
747 [140348594272000] INFO perfrun.tpss <> - start tpss controller for pid #52824
798 [140348603922304] INFO perfrun.launcher <> - Launcher: all plugins were started
798 [140348603922304] INFO perfrun.launcher <> - DirectoryMonitor object was created
798 [140348603922304] INFO perfrun.launcher <> - DirectoryMonitor: a callback was added
798 [140348603922304] INFO perfrun.launcher <> - DirectoryMonitor was started with pingTime = 1000
798 [140348603922304] INFO perfrun.launcher <> - DeadlineTimer is going to be constructed
798 [140348603922304] INFO perfrun.launcher <> - DeadlineTimer: a callback was added
800 [140348603922304] INFO perfrun.launcher <> - Launcher: resume the profiled application and  wait its termination or stop command
1149 [140348603922304] INFO perfrun.launcher <> - Launcher: the profiled application was terminated  with exit code = 139
1158 [140348594272000] INFO perfrun.itt <> - detach itt controller
1158 [140348594272000] INFO perfrun.itt <> - detach itt controller done
1158 [140348594272000] INFO perfrun.tpss <> - stop tpss controller
1158 [140348594272000] INFO perfrun.sdk <> - De-allocating TMU: /tmp/amplxe-tmp-ysadouk/amplxe-res-52819-18339778489870/data.0/systemcollector-52819-chifflot-4.lille.grid5000.fr.sc
1158 [140348594272000] INFO perfrun.system <> - closed the system trace file: /tmp/amplxe-tmp-ysadouk/amplxe-res-52819-18339778489870/data.0/systemcollector-52819-chifflot-4.lille.grid5000.fr.sc
1159 [140348603922304] INFO perfrun.launcher <> - Launcher: all plugins were stopped.
1159 [140348603922304] INFO perfrun.launcher <> - DeadlineTimer is going to be destroyed
1159 [140348603922304] INFO perfrun.launcher <> - DeadlineTimer was destroyed
1159 [140348603922304] INFO perfrun.launcher <> - DirectoryMonitor object was destroyed
1159 [140348603922304] WARN perfrun.launcher <> - Stop command is ignored because it is received when collection is already stopped, at file: vcs/perfrun1/launcher/src/command_handler.cpp:226
1211 [140348603922304] INFO perfrun.launcher <> - Application exit code: 139
1211 [140348603922304] INFO perfrun.launcher <> - Exit code: 4
